modules/event-list/types.ts(2,41): error TS2307: Cannot find module 'react-navigation' or its corresponding type declarations.
modules/navigation-buttons/close-screen.tsx(8,8): error TS2307: Cannot find module 'react-navigation' or its corresponding type declarations.
modules/navigation-tabs/tabbed-view.ts(2,43): error TS2307: Cannot find module 'react-navigation' or its corresponding type declarations.
modules/navigation-tabs/tabbed-view.ts(24,7): error TS2322: Type '(<ParamList extends ParamListBase>() => TypedNavigator<ParamList, TabNavigationState<ParamListBase>, MaterialBottomTabNavigationOptions, MaterialBottomTabNavigationEventMap, ({ id, initialRouteName, backBehavior, children, screenListeners, screenOptions, ...rest }: Props) => Element>) | (<ParamList extends ParamList...' is not assignable to type '(screens: Record<string, NavigationScreenRouteConfig>, options?: ScreenOptions | undefined) => ComponentType'.
  Type '<ParamList extends ParamListBase>() => TypedNavigator<ParamList, TabNavigationState<ParamListBase>, MaterialBottomTabNavigationOptions, MaterialBottomTabNavigationEventMap, ({ id, initialRouteName, backBehavior, children, screenListeners, screenOptions, ...rest }: Props) => Element>' is not assignable to type '(screens: Record<string, NavigationScreenRouteConfig>, options?: ScreenOptions | undefined) => ComponentType'.
    Type 'TypedNavigator<ParamListBase, TabNavigationState<ParamListBase>, MaterialBottomTabNavigationOptions, MaterialBottomTabNavigationEventMap, ({ id, initialRouteName, backBehavior, children, screenListeners, screenOptions, ...rest }: Props) => Element>' is not assignable to type 'ComponentType'.
      Type 'TypedNavigator<ParamListBase, TabNavigationState<ParamListBase>, MaterialBottomTabNavigationOptions, MaterialBottomTabNavigationEventMap, ({ id, initialRouteName, backBehavior, children, screenListeners, screenOptions, ...rest }: Props) => Element>' provides no match for the signature '(screens: { [key: string]: NavigationScreenRouteConfig; }, options?: ScreenOptions | undefined): unknown'.
source/app.tsx(35,9): error TS2322: Type '(prevState: Readonly<{ key: string; index: number; routeNames: string[]; history?: unknown[] | undefined; routes: NavigationRoute<ParamListBase, string>[]; type: string; stale: false; }>, currentState: Readonly<...>) => void' is not assignable to type '(state: Readonly<{ key: string; index: number; routeNames: string[]; history?: unknown[] | undefined; routes: NavigationRoute<ParamListBase, string>[]; type: string; stale: false; }> | undefined) => void'.
source/lib/login.ts(22,2): error TS2322: Type 'Promise<false | Result | {}>' is not assignable to type 'Promise<false | Result>'.
  Type 'false | Result | {}' is not assignable to type 'false | Result'.
    Type '{}' is not assignable to type 'false | Result'.
source/lib/login.ts(25,2): error TS2322: Type 'Promise<false | {} | SharedWebCredentials>' is not assignable to type 'Promise<MaybeCredentials>'.
  Type 'false | {} | SharedWebCredentials' is not assignable to type 'MaybeCredentials'.
    Type 'false' has no properties in common with type 'MaybeCredentials'.
source/lib/login.ts(28,2): error TS2322: Type 'Promise<void | {}>' is not assignable to type 'Promise<void>'.
  Type 'void | {}' is not assignable to type 'void'.
    Type '{}' is not assignable to type 'void'.
source/lib/login.ts(57,4): error TS2769: No overload matches this call.
  Overload 1 of 2, '(input: RequestInfo, init?: RequestInit | undefined): Promise<Response>', gave the following error.
    Argument of type '{ method: string; body: FormData; credentials: "include"; cache: "no-store"; throwHttpErrors: boolean; }' is not assignable to parameter of type 'RequestInit'.
      Object literal may only specify known properties, and 'throwHttpErrors' does not exist in type 'RequestInit'.
  Overload 2 of 2, '(input: RequestInfo, init?: RequestInit | undefined): Promise<Response>', gave the following error.
    Argument of type '{ method: string; body: FormData; credentials: "include"; cache: "no-store"; throwHttpErrors: boolean; }' is not assignable to parameter of type 'RequestInit'.
      Object literal may only specify known properties, and 'throwHttpErrors' does not exist in type 'RequestInit'.
source/lib/login.ts(74,29): error TS2571: Object is of type 'unknown'.
source/lib/partition-by-index.ts(5,22): error TS2769: No overload matches this call.
  Overload 1 of 2, '(...items: ConcatArray<never>[]): never[]', gave the following error.
    Argument of type 'T' is not assignable to parameter of type 'ConcatArray<never>'.
  Overload 2 of 2, '(...items: ConcatArray<never>[]): never[]', gave the following error.
    Argument of type 'T' is not assignable to parameter of type 'ConcatArray<never>'.
source/lib/partition-by-index.ts(6,30): error TS2769: No overload matches this call.
  Overload 1 of 2, '(...items: ConcatArray<never>[]): never[]', gave the following error.
    Argument of type 'T' is not assignable to parameter of type 'ConcatArray<never>'.
  Overload 2 of 2, '(...items: ConcatArray<never>[]): never[]', gave the following error.
    Argument of type 'T' is not assignable to parameter of type 'ConcatArray<never>'.
source/lib/refresh.ts(4,24): error TS7016: Could not find a declaration file for module '@hawkrives/react-native-alternate-icons'. './node_modules/@hawkrives/react-native-alternate-icons/index.js' implicitly has an 'any' type.
  Try `npm i --save-dev @types/hawkrives__react-native-alternate-icons` if it exists or add a new declaration (.d.ts) file containing `declare module '@hawkrives/react-native-alternate-icons';`
source/navigation/track.ts(11,12): error TS2339: Property 'routes' does not exist on type 'NavigationRoute<ParamListBase, string>'.
source/navigation/track.ts(12,30): error TS2345: Argument of type 'NavigationRoute<ParamListBase, string>' is not assignable to parameter of type 'Readonly<{ key: string; index: number; routeNames: string[]; history?: unknown[] | undefined; routes: NavigationRoute<ParamListBase, string>[]; type: string; stale: false; }>'.
  Type 'NavigationRoute<ParamListBase, string>' is missing the following properties from type 'Readonly<{ key: string; index: number; routeNames: string[]; history?: unknown[] | undefined; routes: NavigationRoute<ParamListBase, string>[]; type: string; stale: false; }>': index, routeNames, routes, type, stale
source/navigation/track.ts(14,15): error TS2339: Property 'routeName' does not exist on type 'NavigationRoute<ParamListBase, string>'.
source/redux/init.ts(27,36): error TS2345: Argument of type 'ThunkAction<GetEnabledToolsAction>' is not assignable to parameter of type 'AnyAction'.
  Property 'type' is missing in type 'ThunkAction<GetEnabledToolsAction>' but required in type 'AnyAction'.
source/redux/parts/help.ts(61,22): error TS2322: Type '{ fetching: boolean; tools: never[]; lastFetchError: null; }' is not assignable to type 'State'.
  Types of property 'lastFetchError' are incompatible.
    Type 'null' is not assignable to type 'boolean | undefined'.
source/redux/parts/login.ts(122,23): error TS2322: Type '{ status: string; }' is not assignable to type 'State'.
  Types of property 'status' are incompatible.
    Type 'string' is not assignable to type 'LoginStateEnum'.
source/redux/parts/settings.ts(46,26): error TS2322: Type '{ theme: string; dietaryPreferences: never[]; unofficiallyAcknowledged: boolean; }' is not assignable to type 'State'.
  Types of property 'dietaryPreferences' are incompatible.
    Type 'never[]' is not assignable to type '[]'.
      Target allows only 0 element(s) but source may have more.
source/views/building-hours/detail/schedule-row-android.tsx(37,22): error TS7031: Binding element 'children' implicitly has an 'any' type.
source/views/building-hours/detail/schedule-row-android.tsx(37,32): error TS7031: Binding element 'style' implicitly has an 'any' type.
source/views/building-hours/detail/toolbar-button.tsx(20,18): error TS2345: Argument of type 'ThunkAction<ToggleFavoriteAction>' is not assignable to parameter of type 'AnyAction'.
  Property 'type' is missing in type 'ThunkAction<ToggleFavoriteAction>' but required in type 'AnyAction'.
source/views/building-hours/lib/__tests__/get-detailed-building-status.test.ts(10,3): error TS2740: Type '{}' is missing the following properties from type 'BreakScheduleContainerType': fall, thanksgiving, christmasfest, winter, and 4 more.
source/views/building-hours/lib/__tests__/get-detailed-building-status.test.ts(39,3): error TS2740: Type '{}' is missing the following properties from type 'BreakScheduleContainerType': fall, thanksgiving, christmasfest, winter, and 4 more.
source/views/building-hours/lib/__tests__/get-detailed-building-status.test.ts(63,3): error TS2740: Type '{}' is missing the following properties from type 'BreakScheduleContainerType': fall, thanksgiving, christmasfest, winter, and 4 more.
source/views/building-hours/lib/__tests__/get-detailed-building-status.test.ts(87,3): error TS2740: Type '{}' is missing the following properties from type 'BreakScheduleContainerType': fall, thanksgiving, christmasfest, winter, and 4 more.
source/views/building-hours/lib/__tests__/get-detailed-building-status.test.ts(116,3): error TS2740: Type '{}' is missing the following properties from type 'BreakScheduleContainerType': fall, thanksgiving, christmasfest, winter, and 4 more.
source/views/building-hours/lib/__tests__/get-detailed-building-status.test.ts(139,3): error TS2740: Type '{}' is missing the following properties from type 'BreakScheduleContainerType': fall, thanksgiving, christmasfest, winter, and 4 more.
source/views/building-hours/lib/__tests__/get-short-building-status.test.ts(10,3): error TS2740: Type '{}' is missing the following properties from type 'BreakScheduleContainerType': fall, thanksgiving, christmasfest, winter, and 4 more.
source/views/building-hours/lib/__tests__/get-short-building-status.test.ts(31,3): error TS2740: Type '{}' is missing the following properties from type 'BreakScheduleContainerType': fall, thanksgiving, christmasfest, winter, and 4 more.
source/views/building-hours/lib/__tests__/get-short-building-status.test.ts(51,3): error TS2740: Type '{}' is missing the following properties from type 'BreakScheduleContainerType': fall, thanksgiving, christmasfest, winter, and 4 more.
source/views/building-hours/lib/__tests__/get-short-building-status.test.ts(75,3): error TS2740: Type '{}' is missing the following properties from type 'BreakScheduleContainerType': fall, thanksgiving, christmasfest, winter, and 4 more.
source/views/building-hours/lib/__tests__/get-short-building-status.test.ts(95,3): error TS2740: Type '{}' is missing the following properties from type 'BreakScheduleContainerType': fall, thanksgiving, christmasfest, winter, and 4 more.
source/views/building-hours/lib/__tests__/is-building-open.test.ts(10,3): error TS2740: Type '{}' is missing the following properties from type 'BreakScheduleContainerType': fall, thanksgiving, christmasfest, winter, and 4 more.
source/views/building-hours/lib/__tests__/is-building-open.test.ts(31,3): error TS2740: Type '{}' is missing the following properties from type 'BreakScheduleContainerType': fall, thanksgiving, christmasfest, winter, and 4 more.
source/views/building-hours/lib/__tests__/is-building-open.test.ts(51,3): error TS2740: Type '{}' is missing the following properties from type 'BreakScheduleContainerType': fall, thanksgiving, christmasfest, winter, and 4 more.
source/views/building-hours/lib/__tests__/is-building-open.test.ts(75,3): error TS2740: Type '{}' is missing the following properties from type 'BreakScheduleContainerType': fall, thanksgiving, christmasfest, winter, and 4 more.
source/views/building-hours/lib/__tests__/is-building-open.test.ts(95,3): error TS2740: Type '{}' is missing the following properties from type 'BreakScheduleContainerType': fall, thanksgiving, christmasfest, winter, and 4 more.
source/views/help/index.tsx(35,18): error TS2345: Argument of type 'ThunkAction<GetEnabledToolsAction>' is not assignable to parameter of type 'AnyAction'.
source/views/menus/lib/__tests__/menu-item.mock.ts(20,2): error TS2739: Type '{}' is missing the following properties from type 'MonotonyContainer': id, name, image
source/views/menus/lib/__tests__/menu-item.mock.ts(22,2): error TS2739: Type '{}' is missing the following properties from type 'NutritionContainer': kcal, well_being, well_being_image
source/views/menus/lib/__tests__/menu-item.mock.ts(23,2): error TS2740: Type '{}' is missing the following properties from type 'NutritionDetailContainer': calories, servingSize, fatContent, saturatedFatContent, and 7 more.
source/views/menus/lib/process-menu-shorthands.ts(22,3): error TS2783: 'description' is specified more than once, so this usage will be overwritten.
source/views/menus/lib/process-menu-shorthands.ts(25,3): error TS2739: Type '{}' is missing the following properties from type 'MonotonyContainer': id, name, image
source/views/menus/lib/process-menu-shorthands.ts(31,3): error TS2740: Type '{}' is missing the following properties from type 'NutritionDetailContainer': calories, servingSize, fatContent, saturatedFatContent, and 7 more.
source/views/menus/lib/process-menu-shorthands.ts(35,3): error TS2783: 'special' is specified more than once, so this usage will be overwritten.
source/views/settings/components/logo.tsx(2,24): error TS7016: Could not find a declaration file for module '@hawkrives/react-native-alternate-icons'. './node_modules/@hawkrives/react-native-alternate-icons/index.js' implicitly has an 'any' type.
  Try `npm i --save-dev @types/hawkrives__react-native-alternate-icons` if it exists or add a new declaration (.d.ts) file containing `declare module '@hawkrives/react-native-alternate-icons';`
source/views/settings/components/logo.tsx(27,29): error TS7006: Parameter 'name' implicitly has an 'any' type.
source/views/settings/components/logo.tsx(37,5): error TS2322: Type 'StyleSheet | undefined' is not assignable to type 'StyleProp<ImageStyle>'.
  Type 'StyleSheet' is not assignable to type 'StyleProp<ImageStyle>'.
source/views/settings/screens/change-icon.tsx(3,24): error TS7016: Could not find a declaration file for module '@hawkrives/react-native-alternate-icons'. './node_modules/@hawkrives/react-native-alternate-icons/index.js' implicitly has an 'any' type.
  Try `npm i --save-dev @types/hawkrives__react-native-alternate-icons` if it exists or add a new declaration (.d.ts) file containing `declare module '@hawkrives/react-native-alternate-icons';`
source/views/settings/screens/debug/list.tsx(10,36): error TS2307: Cannot find module 'react-navigation' or its corresponding type declarations.
source/views/settings/screens/debug/row.tsx(40,5): error TS2322: Type 'string | false' is not assignable to type 'false | "DisclosureIndicator" | "Detail" | "DetailDisclosure" | "Checkmark" | undefined'.
  Type 'string' is not assignable to type 'false | "DisclosureIndicator" | "Detail" | "DetailDisclosure" | "Checkmark" | undefined'.
source/views/settings/screens/debug/row.tsx(43,5): error TS2322: Type '((key: string) => any) | null' is not assignable to type '(() => false | void) | undefined'.
  Type 'null' is not assignable to type '(() => false | void) | undefined'.
source/views/settings/screens/overview/login-credentials.tsx(140,13): error TS2345: Argument of type 'ThunkAction<LogInActions>' is not assignable to parameter of type 'AnyAction'.
  Property 'type' is missing in type 'ThunkAction<LogInActions>' but required in type 'AnyAction'.
source/views/settings/screens/overview/login-credentials.tsx(146,12): error TS2345: Argument of type 'Promise<LogOutAction>' is not assignable to parameter of type 'AnyAction'.
  Property 'type' is missing in type 'Promise<LogOutAction>' but required in type 'AnyAction'.
source/views/settings/screens/overview/miscellany.tsx(4,24): error TS7016: Could not find a declaration file for module '@hawkrives/react-native-alternate-icons'. './node_modules/@hawkrives/react-native-alternate-icons/index.js' implicitly has an 'any' type.
  Try `npm i --save-dev @types/hawkrives__react-native-alternate-icons` if it exists or add a new declaration (.d.ts) file containing `declare module '@hawkrives/react-native-alternate-icons';`
source/views/settings/screens/overview/server-url.tsx(46,5): error TS2769: No overload matches this call.
  Overload 1 of 2, '(props: Props | Readonly<Props>): CellTextField', gave the following error.
    Type 'RefObject<CellTextField>' is not assignable to type '{ current: TextInput | null; }'.
      Types of property 'current' are incompatible.
        Type 'CellTextField | null' is not assignable to type 'TextInput | null'.
          Type 'CellTextField' is missing the following properties from type 'TextInput': isFocused, clear, measure, measureInWindow, and 12 more.
  Overload 2 of 2, '(props: Props, context: any): CellTextField', gave the following error.
    Type 'RefObject<CellTextField>' is not assignable to type '{ current: TextInput | null; }'.
source/views/sis/balances-acknowledgement.tsx(25,18): error TS2345: Argument of type 'Promise<SisAlertSeenAction>' is not assignable to parameter of type 'AnyAction'.
  Property 'type' is missing in type 'Promise<SisAlertSeenAction>' but required in type 'AnyAction'.
source/views/sis/balances.tsx(212,13): error TS2345: Argument of type 'ThunkAction<LogInActions>' is not assignable to parameter of type 'AnyAction'.
source/views/sis/course-search/detail/index.tsx(124,5): error TS2322: Type 'Element[]' is not assignable to type 'string'.
source/views/sis/course-search/detail/index.tsx(207,25): error TS7053: Element implicitly has an 'any' type because expression of type 'string' can't be used to index type '{ Open: string; Closed: string; }'.
  No index signature with a parameter of type 'string' was found on type '{ Open: string; Closed: string; }'.
source/views/sis/course-search/lib/execute-search.ts(2,27): error TS7016: Could not find a declaration file for module 'keyword-search'. './node_modules/keyword-search/index.js' implicitly has an 'any' type.
  Try `npm i --save-dev @types/keyword-search` if it exists or add a new declaration (.d.ts) file containing `declare module 'keyword-search';`
source/views/sis/course-search/lib/format-filter-combo.ts(37,50): error TS2345: Argument of type 'string | number' is not assignable to parameter of type 'string'.
  Type 'number' is not assignable to type 'string'.
source/views/sis/course-search/list.tsx(12,13): error TS2613: Module '"./modules/filter/index"' has no default export. Did you mean to use 'import { FilterType } from "./modules/filter/index"' instead?
source/views/sis/course-search/results.tsx(16,13): error TS2613: Module '"./modules/filter/index"' has no default export. Did you mean to use 'import { FilterType } from "./modules/filter/index"' instead?
source/views/sis/course-search/results.tsx(114,39): error TS7006: Parameter 'f' implicitly has an 'any' type.
source/views/sis/course-search/results.tsx(183,31): error TS2345: Argument of type 'ThunkAction<UpdateRecentSearchesAction>' is not assignable to parameter of type 'AnyAction'.
  Property 'type' is missing in type 'ThunkAction<UpdateRecentSearchesAction>' but required in type 'AnyAction'.
source/views/sis/course-search/results.tsx(187,39): error TS2345: Argument of type 'ThunkAction<UpdateRecentFiltersAction>' is not assignable to parameter of type 'AnyAction'.
  Property 'type' is missing in type 'ThunkAction<UpdateRecentFiltersAction>' but required in type 'AnyAction'.
source/views/sis/course-search/search.tsx(48,2): error TS2416: Property 'state' in type 'CourseSearchView' is not assignable to the same property in base type 'Component<Props, State, any>'.
  Type '{ mode: string; isSearchbarActive: boolean; typedQuery: string; }' is not assignable to type 'Readonly<State>'.
    Types of property 'mode' are incompatible.
      Type 'string' is not assignable to type '"ready" | "loading" | "pending"'.
source/views/sis/course-search/search.tsx(215,18): error TS2345: Argument of type 'LoadCourseDataActionType' is not assignable to parameter of type 'AnyAction'.
  Property 'type' is missing in type 'LoadCourseDataActionType' but required in type 'AnyAction'.
source/views/sis/course-search/search.tsx(219,18): error TS2345: Argument of type 'UpdateCourseDataActionType' is not assignable to parameter of type 'AnyAction'.
  Property 'type' is missing in type 'UpdateCourseDataActionType' but required in type 'AnyAction'.
source/views/sis/course-search/search.tsx(224,3): error TS2769: No overload matches this call.
  Overload 2 of 2, '(props: Props, context: any): CourseSearchView', gave the following error.
    Type '() => AnyAction' is not assignable to type '() => Promise<any>'.
  Overload 2 of 2, '(props: Props, context: any): CourseSearchView', gave the following error.
    Type '() => AnyAction' is not assignable to type '() => Promise<any>'.
source/views/sis/index.ts(8,29): error TS2307: Cannot find module './student-work/detail' or its corresponding type declarations.
source/views/sis/index.ts(18,1): error TS2571: Object is of type 'unknown'.
source/views/sis/student-work/index.tsx(69,40): error TS2304: Cannot find name 'mixed'.
source/views/stoprint/print-jobs.tsx(222,36): error TS2345: Argument of type 'ThunkAction<LogInActions>' is not assignable to parameter of type 'AnyAction'.
source/views/stoprint/print-jobs.tsx(226,18): error TS2345: Argument of type 'ThunkAction<UpdatePrintJobsAction>' is not assignable to parameter of type 'AnyAction'.
  Property 'type' is missing in type 'ThunkAction<UpdatePrintJobsAction>' but required in type 'AnyAction'.
source/views/stoprint/print-jobs.tsx(231,3): error TS2769: No overload matches this call.
  Overload 2 of 2, '(props: Props, context: any): PrintJobsView', gave the following error.
    Type 'string | null' is not assignable to type 'string | undefined'.
  Overload 2 of 2, '(props: Props, context: any): PrintJobsView', gave the following error.
    Type '(username: any, password: any) => AnyAction' is not assignable to type '(username: string, password: string) => Promise<any>'.
  Overload 2 of 2, '(props: Props, context: any): PrintJobsView', gave the following error.
    Type '() => AnyAction' is not assignable to type '() => Promise<any>'.
source/views/stoprint/print-release.tsx(87,2): error TS2416: Property 'state' in type 'PrintJobReleaseView' is not assignable to the same property in base type 'PureComponent<Props, State, any>'.
  Type '{ heldJob: null; status: string; }' is not assignable to type 'Readonly<State>'.
    Types of property 'heldJob' are incompatible.
      Type 'null' is not assignable to type 'HeldJob | undefined'.
source/views/stoprint/print-release.tsx(164,20): error TS2339: Property 'id' does not exist on type 'never'.
source/views/stoprint/print-release.tsx(192,12): error TS2339: Property 'id' does not exist on type 'never'.
source/views/stoprint/printers.tsx(188,24): error TS2345: Argument of type 'ThunkAction<UpdateAllPrintersAction>' is not assignable to parameter of type 'AnyAction'.
  Property 'type' is missing in type 'ThunkAction<UpdateAllPrintersAction>' but required in type 'AnyAction'.
source/views/stoprint/printers.tsx(196,4): error TS2769: No overload matches this call.
  Overload 1 of 2, '(props: Props | Readonly<Props>): PrinterListView', gave the following error.
    Type 'string | null' is not assignable to type 'string | undefined'.
  Overload 2 of 2, '(props: Props, context: any): PrinterListView', gave the following error.
    Type 'string | null' is not assignable to type 'string | undefined'.
source/views/types.ts(5,8): error TS2307: Cannot find module 'react-navigation' or its corresponding type declarations.
