modules/event-list/types.ts(2,41): error TS2307: Cannot find module 'react-navigation' or its corresponding type declarations.
modules/food-menu/fancy-menu.tsx(16,8): error TS2307: Cannot find module 'react-navigation' or its corresponding type declarations.
modules/food-menu/food-item-detail.tsx(14,8): error TS2307: Cannot find module 'react-navigation' or its corresponding type declarations.
modules/markdown/code.tsx(14,29): error TS2322: Type '{ children: Element; key: any; language: string | undefined; }' is not assignable to type 'IntrinsicAttributes & IntrinsicClassAttributes<Component<ExtraGlamorousProps & TextProps, any, any>> & Readonly<...> & Readonly<...>'.
  Property 'language' does not exist on type 'IntrinsicAttributes & IntrinsicClassAttributes<Component<ExtraGlamorousProps & TextProps, any, any>> & Readonly<...> & Readonly<...>'.
modules/markdown/list.tsx(2,20): error TS2614: Module '"glamorous-native"' has no exported member 'View'. Did you mean to use 'import View from "glamorous-native"' instead?
modules/markdown/list.tsx(15,19): error TS2694: Namespace 'React' has no exported member 'Node'.
modules/markdown/list.tsx(22,15): error TS2322: Type '{ children: string; paddingRight: number; }' is not assignable to type 'IntrinsicAttributes & IntrinsicClassAttributes<Component<ExtraGlamorousProps & TextProps & object, any, any>> & Readonly<...> & Readonly<...>'.
  Property 'paddingRight' does not exist on type 'IntrinsicAttributes & IntrinsicClassAttributes<Component<ExtraGlamorousProps & TextProps & object, any, any>> & Readonly<...> & Readonly<...>'.
modules/markdown/markdown.tsx(7,15): error TS2339: Property 'propTypes' does not exist on type 'typeof ReactMarkdown'.
modules/markdown/markdown.tsx(41,13): error TS1337: An index signature parameter type cannot be a literal type or generic type. Consider using a mapped object type instead.
modules/markdown/markdown.tsx(49,4): error TS2769: No overload matches this call.
  Overload 2 of 2, '(props: ReactMarkdownProps, context: any): ReactMarkdown', gave the following error.
    Type 'typeof View' is not assignable to type 'string'.
  Overload 2 of 2, '(props: ReactMarkdownProps, context: any): ReactMarkdown', gave the following error.
    Type '() => string' is not assignable to type 'ReactType<any>'.
  Overload 2 of 2, '(props: ReactMarkdownProps, context: any): ReactMarkdown', gave the following error.
    Type '() => string' is not assignable to type 'ReactType<any>'.
modules/markdown/markdown.tsx(52,47): error TS2339: Property 'BlockQuote' does not exist on type '{}'.
modules/markdown/markdown.tsx(53,35): error TS2339: Property 'Code' does not exist on type '{}'.
modules/markdown/markdown.tsx(54,27): error TS2345: Argument of type 'typeof HighlightedCodeBlock' is not assignable to parameter of type 'Component<{ style?: StyleProp<AllStyles>; } & GlamorousProps & { style?: StyleProp<AllStyles>; }, AllStyles>'.
  Type 'typeof HighlightedCodeBlock' is not assignable to type 'ComponentClass<{ style?: StyleProp<AllStyles>; } & GlamorousProps & { style?: StyleProp<AllStyles>; }, any>'.
    Types of parameters 'props' and 'props' are incompatible.
      Type '{ style?: StyleProp<AllStyles>; } & GlamorousProps & { style?: StyleProp<AllStyles>; }' is not assignable to type 'Props | Readonly<Props>'.
modules/markdown/markdown.tsx(54,45): error TS2339: Property 'CodeBlock' does not exist on type '{}'.
modules/markdown/markdown.tsx(55,35): error TS2339: Property 'Emph' does not exist on type '{}'.
modules/markdown/markdown.tsx(57,41): error TS2339: Property 'Heading' does not exist on type '{}'.
modules/markdown/markdown.tsx(58,37): error TS2339: Property 'Image' does not exist on type '{}'.
modules/markdown/markdown.tsx(59,22): error TS2345: Argument of type 'typeof ListItem' is not assignable to parameter of type 'Component<{ style?: StyleProp<AllStyles>; } & GlamorousProps & { style?: StyleProp<AllStyles>; }, AllStyles>'.
  Type 'typeof ListItem' is not assignable to type 'ComponentClass<{ style?: StyleProp<AllStyles>; } & GlamorousProps & { style?: StyleProp<AllStyles>; }, any>'.
    Types of parameters 'props' and 'props' are incompatible.
      Type '{ style?: StyleProp<AllStyles>; } & GlamorousProps & { style?: StyleProp<AllStyles>; }' is not assignable to type 'Props | Readonly<Props>'.
modules/markdown/markdown.tsx(59,39): error TS2339: Property 'ListItem' does not exist on type '{}'.
modules/markdown/markdown.tsx(60,22): error TS2345: Argument of type '((props: Props) => Element) & NonReactStatics<ComponentType<Props & ActionSheetProps>, {}>' is not assignable to parameter of type 'Component<{ style?: StyleProp<AllStyles>; } & GlamorousProps & { style?: StyleProp<AllStyles>; }, AllStyles>'.
  Type '((props: Props) => Element) & NonReactStatics<ComponentType<Props & ActionSheetProps>, {}>' is not assignable to type 'StatelessComponent<{ style?: StyleProp<AllStyles>; } & GlamorousProps & { style?: StyleProp<AllStyles>; }>'.
    Types of parameters 'props' and 'props' are incompatible.
      Type 'PropsWithChildren<{ style?: StyleProp<AllStyles>; } & GlamorousProps & { style?: StyleProp<AllStyles>; }>' is missing the following properties from type 'Props': href, showShareActionSheetWithOptions, showActionSheetWithOptions
modules/markdown/markdown.tsx(60,35): error TS2339: Property 'Link' does not exist on type '{}'.
modules/markdown/markdown.tsx(61,35): error TS2339: Property 'List' does not exist on type '{}'.
modules/markdown/markdown.tsx(62,45): error TS2339: Property 'Paragraph' does not exist on type '{}'.
modules/markdown/markdown.tsx(64,39): error TS2339: Property 'Strong' does not exist on type '{}'.
modules/markdown/markdown.tsx(65,54): error TS2339: Property 'ThematicBreak' does not exist on type '{}'.
modules/navigation-buttons/close-screen.tsx(8,8): error TS2307: Cannot find module 'react-navigation' or its corresponding type declarations.
modules/navigation-tabs/tabbed-view.ts(2,43): error TS2307: Cannot find module 'react-navigation' or its corresponding type declarations.
modules/navigation-tabs/tabbed-view.ts(24,7): error TS2322: Type '(<ParamList extends ParamListBase>() => TypedNavigator<ParamList, TabNavigationState<ParamListBase>, MaterialBottomTabNavigationOptions, MaterialBottomTabNavigationEventMap, ({ id, initialRouteName, backBehavior, children, screenListeners, screenOptions, ...rest }: Props) => Element>) | (<ParamList extends ParamList...' is not assignable to type '(screens: Record<string, NavigationScreenRouteConfig>, options?: ScreenOptions | undefined) => ComponentType'.
  Type '<ParamList extends ParamListBase>() => TypedNavigator<ParamList, TabNavigationState<ParamListBase>, MaterialBottomTabNavigationOptions, MaterialBottomTabNavigationEventMap, ({ id, initialRouteName, backBehavior, children, screenListeners, screenOptions, ...rest }: Props) => Element>' is not assignable to type '(screens: Record<string, NavigationScreenRouteConfig>, options?: ScreenOptions | undefined) => ComponentType'.
    Type 'TypedNavigator<ParamListBase, TabNavigationState<ParamListBase>, MaterialBottomTabNavigationOptions, MaterialBottomTabNavigationEventMap, ({ id, initialRouteName, backBehavior, children, screenListeners, screenOptions, ...rest }: Props) => Element>' is not assignable to type 'ComponentType'.
      Type 'TypedNavigator<ParamListBase, TabNavigationState<ParamListBase>, MaterialBottomTabNavigationOptions, MaterialBottomTabNavigationEventMap, ({ id, initialRouteName, backBehavior, children, screenListeners, screenOptions, ...rest }: Props) => Element>' provides no match for the signature '(screens: { [key: string]: NavigationScreenRouteConfig; }, options?: ScreenOptions | undefined): unknown'.
source/app.tsx(35,9): error TS2322: Type '(prevState: Readonly<{ key: string; index: number; routeNames: string[]; history?: unknown[] | undefined; routes: NavigationRoute<ParamListBase, string>[]; type: string; stale: false; }>, currentState: Readonly<...>) => void' is not assignable to type '(state: Readonly<{ key: string; index: number; routeNames: string[]; history?: unknown[] | undefined; routes: NavigationRoute<ParamListBase, string>[]; type: string; stale: false; }> | undefined) => void'.
source/lib/login.ts(22,2): error TS2322: Type 'Promise<false | Result | {}>' is not assignable to type 'Promise<false | Result>'.
  Type 'false | Result | {}' is not assignable to type 'false | Result'.
    Type '{}' is not assignable to type 'false | Result'.
source/lib/login.ts(25,2): error TS2322: Type 'Promise<false | {} | SharedWebCredentials>' is not assignable to type 'Promise<MaybeCredentials>'.
  Type 'false | {} | SharedWebCredentials' is not assignable to type 'MaybeCredentials'.
    Type 'false' has no properties in common with type 'MaybeCredentials'.
source/lib/login.ts(28,2): error TS2322: Type 'Promise<void | {}>' is not assignable to type 'Promise<void>'.
  Type 'void | {}' is not assignable to type 'void'.
    Type '{}' is not assignable to type 'void'.
source/lib/login.ts(57,4): error TS2769: No overload matches this call.
  Overload 1 of 2, '(input: RequestInfo, init?: RequestInit | undefined): Promise<Response>', gave the following error.
    Argument of type '{ method: string; body: FormData; credentials: "include"; cache: "no-store"; throwHttpErrors: boolean; }' is not assignable to parameter of type 'RequestInit'.
      Object literal may only specify known properties, and 'throwHttpErrors' does not exist in type 'RequestInit'.
  Overload 2 of 2, '(input: RequestInfo, init?: RequestInit | undefined): Promise<Response>', gave the following error.
    Argument of type '{ method: string; body: FormData; credentials: "include"; cache: "no-store"; throwHttpErrors: boolean; }' is not assignable to parameter of type 'RequestInit'.
      Object literal may only specify known properties, and 'throwHttpErrors' does not exist in type 'RequestInit'.
source/lib/login.ts(74,29): error TS2571: Object is of type 'unknown'.
source/lib/partition-by-index.ts(5,22): error TS2769: No overload matches this call.
  Overload 1 of 2, '(...items: ConcatArray<never>[]): never[]', gave the following error.
    Argument of type 'T' is not assignable to parameter of type 'ConcatArray<never>'.
  Overload 2 of 2, '(...items: ConcatArray<never>[]): never[]', gave the following error.
    Argument of type 'T' is not assignable to parameter of type 'ConcatArray<never>'.
source/lib/partition-by-index.ts(6,30): error TS2769: No overload matches this call.
  Overload 1 of 2, '(...items: ConcatArray<never>[]): never[]', gave the following error.
    Argument of type 'T' is not assignable to parameter of type 'ConcatArray<never>'.
  Overload 2 of 2, '(...items: ConcatArray<never>[]): never[]', gave the following error.
    Argument of type 'T' is not assignable to parameter of type 'ConcatArray<never>'.
source/lib/refresh.ts(4,24): error TS7016: Could not find a declaration file for module '@hawkrives/react-native-alternate-icons'. './node_modules/@hawkrives/react-native-alternate-icons/index.js' implicitly has an 'any' type.
  Try `npm i --save-dev @types/hawkrives__react-native-alternate-icons` if it exists or add a new declaration (.d.ts) file containing `declare module '@hawkrives/react-native-alternate-icons';`
source/navigation/track.ts(11,12): error TS2339: Property 'routes' does not exist on type 'NavigationRoute<ParamListBase, string>'.
source/navigation/track.ts(12,30): error TS2345: Argument of type 'NavigationRoute<ParamListBase, string>' is not assignable to parameter of type 'Readonly<{ key: string; index: number; routeNames: string[]; history?: unknown[] | undefined; routes: NavigationRoute<ParamListBase, string>[]; type: string; stale: false; }>'.
  Type 'NavigationRoute<ParamListBase, string>' is missing the following properties from type 'Readonly<{ key: string; index: number; routeNames: string[]; history?: unknown[] | undefined; routes: NavigationRoute<ParamListBase, string>[]; type: string; stale: false; }>': index, routeNames, routes, type, stale
source/navigation/track.ts(14,15): error TS2339: Property 'routeName' does not exist on type 'NavigationRoute<ParamListBase, string>'.
source/redux/init.ts(27,36): error TS2345: Argument of type 'ThunkAction<GetEnabledToolsAction>' is not assignable to parameter of type 'AnyAction'.
  Property 'type' is missing in type 'ThunkAction<GetEnabledToolsAction>' but required in type 'AnyAction'.
source/redux/parts/help.ts(61,22): error TS2322: Type '{ fetching: boolean; tools: never[]; lastFetchError: null; }' is not assignable to type 'State'.
  Types of property 'lastFetchError' are incompatible.
    Type 'null' is not assignable to type 'boolean | undefined'.
source/redux/parts/login.ts(122,23): error TS2322: Type '{ status: string; }' is not assignable to type 'State'.
  Types of property 'status' are incompatible.
    Type 'string' is not assignable to type 'LoginStateEnum'.
source/redux/parts/settings.ts(46,26): error TS2322: Type '{ theme: string; dietaryPreferences: never[]; unofficiallyAcknowledged: boolean; }' is not assignable to type 'State'.
  Types of property 'dietaryPreferences' are incompatible.
    Type 'never[]' is not assignable to type '[]'.
      Target allows only 0 element(s) but source may have more.
source/views/building-hours/detail/schedule-row-android.tsx(37,22): error TS7031: Binding element 'children' implicitly has an 'any' type.
source/views/building-hours/detail/schedule-row-android.tsx(37,32): error TS7031: Binding element 'style' implicitly has an 'any' type.
source/views/building-hours/detail/toolbar-button.tsx(20,18): error TS2345: Argument of type 'ThunkAction<ToggleFavoriteAction>' is not assignable to parameter of type 'AnyAction'.
  Property 'type' is missing in type 'ThunkAction<ToggleFavoriteAction>' but required in type 'AnyAction'.
source/views/building-hours/lib/__tests__/get-detailed-building-status.test.ts(10,3): error TS2740: Type '{}' is missing the following properties from type 'BreakScheduleContainerType': fall, thanksgiving, christmasfest, winter, and 4 more.
source/views/building-hours/lib/__tests__/get-detailed-building-status.test.ts(39,3): error TS2740: Type '{}' is missing the following properties from type 'BreakScheduleContainerType': fall, thanksgiving, christmasfest, winter, and 4 more.
source/views/building-hours/lib/__tests__/get-detailed-building-status.test.ts(63,3): error TS2740: Type '{}' is missing the following properties from type 'BreakScheduleContainerType': fall, thanksgiving, christmasfest, winter, and 4 more.
source/views/building-hours/lib/__tests__/get-detailed-building-status.test.ts(87,3): error TS2740: Type '{}' is missing the following properties from type 'BreakScheduleContainerType': fall, thanksgiving, christmasfest, winter, and 4 more.
source/views/building-hours/lib/__tests__/get-detailed-building-status.test.ts(116,3): error TS2740: Type '{}' is missing the following properties from type 'BreakScheduleContainerType': fall, thanksgiving, christmasfest, winter, and 4 more.
source/views/building-hours/lib/__tests__/get-detailed-building-status.test.ts(139,3): error TS2740: Type '{}' is missing the following properties from type 'BreakScheduleContainerType': fall, thanksgiving, christmasfest, winter, and 4 more.
source/views/building-hours/lib/__tests__/get-short-building-status.test.ts(10,3): error TS2740: Type '{}' is missing the following properties from type 'BreakScheduleContainerType': fall, thanksgiving, christmasfest, winter, and 4 more.
source/views/building-hours/lib/__tests__/get-short-building-status.test.ts(31,3): error TS2740: Type '{}' is missing the following properties from type 'BreakScheduleContainerType': fall, thanksgiving, christmasfest, winter, and 4 more.
source/views/building-hours/lib/__tests__/get-short-building-status.test.ts(51,3): error TS2740: Type '{}' is missing the following properties from type 'BreakScheduleContainerType': fall, thanksgiving, christmasfest, winter, and 4 more.
source/views/building-hours/lib/__tests__/get-short-building-status.test.ts(75,3): error TS2740: Type '{}' is missing the following properties from type 'BreakScheduleContainerType': fall, thanksgiving, christmasfest, winter, and 4 more.
source/views/building-hours/lib/__tests__/get-short-building-status.test.ts(95,3): error TS2740: Type '{}' is missing the following properties from type 'BreakScheduleContainerType': fall, thanksgiving, christmasfest, winter, and 4 more.
source/views/building-hours/lib/__tests__/is-building-open.test.ts(10,3): error TS2740: Type '{}' is missing the following properties from type 'BreakScheduleContainerType': fall, thanksgiving, christmasfest, winter, and 4 more.
source/views/building-hours/lib/__tests__/is-building-open.test.ts(31,3): error TS2740: Type '{}' is missing the following properties from type 'BreakScheduleContainerType': fall, thanksgiving, christmasfest, winter, and 4 more.
source/views/building-hours/lib/__tests__/is-building-open.test.ts(51,3): error TS2740: Type '{}' is missing the following properties from type 'BreakScheduleContainerType': fall, thanksgiving, christmasfest, winter, and 4 more.
source/views/building-hours/lib/__tests__/is-building-open.test.ts(75,3): error TS2740: Type '{}' is missing the following properties from type 'BreakScheduleContainerType': fall, thanksgiving, christmasfest, winter, and 4 more.
source/views/building-hours/lib/__tests__/is-building-open.test.ts(95,3): error TS2740: Type '{}' is missing the following properties from type 'BreakScheduleContainerType': fall, thanksgiving, christmasfest, winter, and 4 more.
source/views/building-hours/row.tsx(67,17): error TS7053: Element implicitly has an 'any' type because expression of type 'string' can't be used to index type '{ Open: string; Closed: string; }'.
  No index signature with a parameter of type 'string' was found on type '{ Open: string; Closed: string; }'.
source/views/building-hours/row.tsx(68,19): error TS7053: Element implicitly has an 'any' type because expression of type 'string' can't be used to index type '{ Open: string; Closed: string; }'.
  No index signature with a parameter of type 'string' was found on type '{ Open: string; Closed: string; }'.
source/views/building-hours/row.tsx(141,11): error TS2322: Type 'string | null' is not assignable to type 'string | undefined'.
  Type 'null' is not assignable to type 'string | undefined'.
source/views/contacts/detail.tsx(33,3): error TS2322: Type 'null' is not assignable to type 'string | number | undefined'.
source/views/contacts/detail.tsx(54,58): error TS2339: Property 'route' does not exist on type 'Readonly<Props> & Readonly<{ children?: ReactNode; }>'.
source/views/contacts/detail.tsx(63,28): error TS2339: Property 'route' does not exist on type 'Readonly<Props> & Readonly<{ children?: ReactNode; }>'.
source/views/contacts/detail.tsx(72,53): error TS2769: No overload matches this call.
  Overload 1 of 2, '(props: ImageProps | Readonly<ImageProps>): Image', gave the following error.
    Type 'ViewStyle | TextStyle | ImageStyle' is not assignable to type 'StyleProp<ImageStyle>'.
      Type 'ViewStyle' is not assignable to type 'StyleProp<ImageStyle>'.
        Type 'ViewStyle' is not assignable to type 'ImageStyle'.
          Types of property 'overflow' are incompatible.
            Type '"visible" | "hidden" | "scroll" | undefined' is not assignable to type '"visible" | "hidden" | undefined'.
              Type '"scroll"' is not assignable to type '"visible" | "hidden" | undefined'.
  Overload 2 of 2, '(props: ImageProps, context: any): Image', gave the following error.
    Type 'ViewStyle | TextStyle | ImageStyle' is not assignable to type 'StyleProp<ImageStyle>'.
source/views/dictionary/list.tsx(26,10): error TS2503: Cannot find namespace 'window'.
source/views/faqs/index.tsx(4,9): error TS2614: Module '"glamorous-native"' has no exported member 'View'. Did you mean to use 'import View from "glamorous-native"' instead?
source/views/faqs/index.tsx(4,15): error TS2614: Module '"glamorous-native"' has no exported member 'ScrollView'. Did you mean to use 'import ScrollView from "glamorous-native"' instead?
source/views/help/index.tsx(34,18): error TS2345: Argument of type 'ThunkAction<GetEnabledToolsAction>' is not assignable to parameter of type 'AnyAction'.
source/views/home/notice.tsx(31,14): error TS2339: Property 'View' does not exist on type 'typeof import("./node_modules/glamorous-native/typings/glamorous")'.
source/views/home/notice.tsx(36,15): error TS2339: Property 'View' does not exist on type 'typeof import("./node_modules/glamorous-native/typings/glamorous")'.
source/views/home/notice.tsx(37,16): error TS2339: Property 'Text' does not exist on type 'typeof import("./node_modules/glamorous-native/typings/glamorous")'.
source/views/home/notice.tsx(39,17): error TS2339: Property 'Text' does not exist on type 'typeof import("./node_modules/glamorous-native/typings/glamorous")'.
source/views/home/notice.tsx(40,16): error TS2339: Property 'View' does not exist on type 'typeof import("./node_modules/glamorous-native/typings/glamorous")'.
source/views/home/notice.tsx(41,15): error TS2339: Property 'View' does not exist on type 'typeof import("./node_modules/glamorous-native/typings/glamorous")'.
source/views/menus/index.tsx(18,13): error TS7031: Binding element 'navigation' implicitly has an 'any' type.
source/views/menus/index.tsx(40,13): error TS7031: Binding element 'navigation' implicitly has an 'any' type.
source/views/menus/index.tsx(62,13): error TS7031: Binding element 'navigation' implicitly has an 'any' type.
source/views/menus/index.tsx(90,1): error TS2571: Object is of type 'unknown'.
source/views/menus/lib/__tests__/menu-item.mock.ts(20,2): error TS2739: Type '{}' is missing the following properties from type 'MonotonyContainer': id, name, image
source/views/menus/lib/__tests__/menu-item.mock.ts(22,2): error TS2739: Type '{}' is missing the following properties from type 'NutritionContainer': kcal, well_being, well_being_image
source/views/menus/lib/__tests__/menu-item.mock.ts(23,2): error TS2740: Type '{}' is missing the following properties from type 'NutritionDetailContainer': calories, servingSize, fatContent, saturatedFatContent, and 7 more.
source/views/menus/lib/process-menu-shorthands.ts(22,3): error TS2783: 'description' is specified more than once, so this usage will be overwritten.
source/views/menus/lib/process-menu-shorthands.ts(25,3): error TS2739: Type '{}' is missing the following properties from type 'MonotonyContainer': id, name, image
source/views/menus/lib/process-menu-shorthands.ts(31,3): error TS2740: Type '{}' is missing the following properties from type 'NutritionDetailContainer': calories, servingSize, fatContent, saturatedFatContent, and 7 more.
source/views/menus/lib/process-menu-shorthands.ts(35,3): error TS2783: 'special' is specified more than once, so this usage will be overwritten.
source/views/news/index.tsx(9,13): error TS7031: Binding element 'navigation' implicitly has an 'any' type.
source/views/news/index.tsx(13,27): error TS2339: Property 'stolaf' does not exist on type 'typeof import("./images/news-sources/index")'.
source/views/news/index.tsx(24,13): error TS7031: Binding element 'navigation' implicitly has an 'any' type.
source/views/news/index.tsx(28,27): error TS2339: Property 'oleville' does not exist on type 'typeof import("./images/news-sources/index")'.
source/views/news/index.tsx(39,13): error TS7031: Binding element 'navigation' implicitly has an 'any' type.
source/views/news/index.tsx(43,27): error TS2339: Property 'mess' does not exist on type 'typeof import("./images/news-sources/index")'.
source/views/news/index.tsx(53,1): error TS2571: Object is of type 'unknown'.
source/views/settings/components/logo.tsx(2,24): error TS7016: Could not find a declaration file for module '@hawkrives/react-native-alternate-icons'. './node_modules/@hawkrives/react-native-alternate-icons/index.js' implicitly has an 'any' type.
  Try `npm i --save-dev @types/hawkrives__react-native-alternate-icons` if it exists or add a new declaration (.d.ts) file containing `declare module '@hawkrives/react-native-alternate-icons';`
source/views/settings/components/logo.tsx(27,29): error TS7006: Parameter 'name' implicitly has an 'any' type.
source/views/settings/components/logo.tsx(37,5): error TS2322: Type 'StyleSheet | undefined' is not assignable to type 'StyleProp<ImageStyle>'.
  Type 'StyleSheet' is not assignable to type 'StyleProp<ImageStyle>'.
source/views/settings/screens/api-test/api-test-android.tsx(9,41): error TS2307: Cannot find module 'react-navigation' or its corresponding type declarations.
source/views/settings/screens/api-test/api-test-ios.tsx(9,41): error TS2307: Cannot find module 'react-navigation' or its corresponding type declarations.
source/views/settings/screens/change-icon.tsx(3,24): error TS7016: Could not find a declaration file for module '@hawkrives/react-native-alternate-icons'. './node_modules/@hawkrives/react-native-alternate-icons/index.js' implicitly has an 'any' type.
  Try `npm i --save-dev @types/hawkrives__react-native-alternate-icons` if it exists or add a new declaration (.d.ts) file containing `declare module '@hawkrives/react-native-alternate-icons';`
source/views/settings/screens/debug/list.tsx(10,36): error TS2307: Cannot find module 'react-navigation' or its corresponding type declarations.
source/views/settings/screens/debug/row.tsx(40,5): error TS2322: Type 'string | false' is not assignable to type 'false | "DisclosureIndicator" | "Detail" | "DetailDisclosure" | "Checkmark" | undefined'.
  Type 'string' is not assignable to type 'false | "DisclosureIndicator" | "Detail" | "DetailDisclosure" | "Checkmark" | undefined'.
source/views/settings/screens/debug/row.tsx(43,5): error TS2322: Type '((key: string) => any) | null' is not assignable to type '(() => false | void) | undefined'.
  Type 'null' is not assignable to type '(() => false | void) | undefined'.
source/views/settings/screens/legal.tsx(3,9): error TS2614: Module '"glamorous-native"' has no exported member 'View'. Did you mean to use 'import View from "glamorous-native"' instead?
source/views/settings/screens/legal.tsx(3,15): error TS2614: Module '"glamorous-native"' has no exported member 'ScrollView'. Did you mean to use 'import ScrollView from "glamorous-native"' instead?
source/views/settings/screens/overview/developer.tsx(5,41): error TS2307: Cannot find module 'react-navigation' or its corresponding type declarations.
source/views/settings/screens/overview/index.tsx(4,41): error TS2307: Cannot find module 'react-navigation' or its corresponding type declarations.
source/views/settings/screens/overview/login-credentials.tsx(141,13): error TS2345: Argument of type 'ThunkAction<LogInActions>' is not assignable to parameter of type 'AnyAction'.
  Property 'type' is missing in type 'ThunkAction<LogInActions>' but required in type 'AnyAction'.
source/views/settings/screens/overview/login-credentials.tsx(147,12): error TS2345: Argument of type 'Promise<LogOutAction>' is not assignable to parameter of type 'AnyAction'.
  Property 'type' is missing in type 'Promise<LogOutAction>' but required in type 'AnyAction'.
source/views/settings/screens/overview/miscellany.tsx(3,41): error TS2307: Cannot find module 'react-navigation' or its corresponding type declarations.
source/views/settings/screens/overview/miscellany.tsx(5,24): error TS7016: Could not find a declaration file for module '@hawkrives/react-native-alternate-icons'. './node_modules/@hawkrives/react-native-alternate-icons/index.js' implicitly has an 'any' type.
  Try `npm i --save-dev @types/hawkrives__react-native-alternate-icons` if it exists or add a new declaration (.d.ts) file containing `declare module '@hawkrives/react-native-alternate-icons';`
source/views/settings/screens/overview/odds-and-ends.tsx(4,41): error TS2307: Cannot find module 'react-navigation' or its corresponding type declarations.
source/views/settings/screens/overview/server-url.tsx(46,5): error TS2769: No overload matches this call.
  Overload 1 of 2, '(props: Props | Readonly<Props>): CellTextField', gave the following error.
    Type 'RefObject<CellTextField>' is not assignable to type '{ current: TextInput | null; }'.
      Types of property 'current' are incompatible.
        Type 'CellTextField | null' is not assignable to type 'TextInput | null'.
          Type 'CellTextField' is missing the following properties from type 'TextInput': isFocused, clear, measure, measureInWindow, and 12 more.
  Overload 2 of 2, '(props: Props, context: any): CellTextField', gave the following error.
    Type 'RefObject<CellTextField>' is not assignable to type '{ current: TextInput | null; }'.
source/views/settings/screens/overview/support.tsx(4,41): error TS2307: Cannot find module 'react-navigation' or its corresponding type declarations.
source/views/settings/screens/privacy.tsx(3,9): error TS2614: Module '"glamorous-native"' has no exported member 'View'. Did you mean to use 'import View from "glamorous-native"' instead?
source/views/settings/screens/privacy.tsx(3,15): error TS2614: Module '"glamorous-native"' has no exported member 'ScrollView'. Did you mean to use 'import ScrollView from "glamorous-native"' instead?
source/views/sis/balances-acknowledgement.tsx(25,18): error TS2345: Argument of type 'Promise<SisAlertSeenAction>' is not assignable to parameter of type 'AnyAction'.
  Property 'type' is missing in type 'Promise<SisAlertSeenAction>' but required in type 'AnyAction'.
source/views/sis/balances.tsx(212,13): error TS2345: Argument of type 'ThunkAction<LogInActions>' is not assignable to parameter of type 'AnyAction'.
source/views/sis/course-search/detail/index.tsx(207,25): error TS7053: Element implicitly has an 'any' type because expression of type 'string' can't be used to index type '{ Open: string; Closed: string; }'.
  No index signature with a parameter of type 'string' was found on type '{ Open: string; Closed: string; }'.
source/views/sis/course-search/lib/execute-search.ts(2,27): error TS7016: Could not find a declaration file for module 'keyword-search'. './node_modules/keyword-search/index.js' implicitly has an 'any' type.
  Try `npm i --save-dev @types/keyword-search` if it exists or add a new declaration (.d.ts) file containing `declare module 'keyword-search';`
source/views/sis/course-search/lib/format-filter-combo.ts(37,50): error TS2345: Argument of type 'string | number' is not assignable to parameter of type 'string'.
  Type 'number' is not assignable to type 'string'.
source/views/sis/course-search/list.tsx(12,13): error TS2613: Module '"./modules/filter/index"' has no default export. Did you mean to use 'import { FilterType } from "./modules/filter/index"' instead?
source/views/sis/course-search/results.tsx(16,13): error TS2613: Module '"./modules/filter/index"' has no default export. Did you mean to use 'import { FilterType } from "./modules/filter/index"' instead?
source/views/sis/course-search/results.tsx(114,39): error TS7006: Parameter 'f' implicitly has an 'any' type.
source/views/sis/course-search/results.tsx(183,31): error TS2345: Argument of type 'ThunkAction<UpdateRecentSearchesAction>' is not assignable to parameter of type 'AnyAction'.
  Property 'type' is missing in type 'ThunkAction<UpdateRecentSearchesAction>' but required in type 'AnyAction'.
source/views/sis/course-search/results.tsx(187,39): error TS2345: Argument of type 'ThunkAction<UpdateRecentFiltersAction>' is not assignable to parameter of type 'AnyAction'.
  Property 'type' is missing in type 'ThunkAction<UpdateRecentFiltersAction>' but required in type 'AnyAction'.
source/views/sis/course-search/search.tsx(48,2): error TS2416: Property 'state' in type 'CourseSearchView' is not assignable to the same property in base type 'Component<Props, State, any>'.
  Type '{ mode: string; isSearchbarActive: boolean; typedQuery: string; }' is not assignable to type 'Readonly<State>'.
    Types of property 'mode' are incompatible.
      Type 'string' is not assignable to type '"ready" | "loading" | "pending"'.
source/views/sis/course-search/search.tsx(215,18): error TS2345: Argument of type 'LoadCourseDataActionType' is not assignable to parameter of type 'AnyAction'.
  Property 'type' is missing in type 'LoadCourseDataActionType' but required in type 'AnyAction'.
source/views/sis/course-search/search.tsx(219,18): error TS2345: Argument of type 'UpdateCourseDataActionType' is not assignable to parameter of type 'AnyAction'.
  Property 'type' is missing in type 'UpdateCourseDataActionType' but required in type 'AnyAction'.
source/views/sis/course-search/search.tsx(224,3): error TS2769: No overload matches this call.
  Overload 2 of 2, '(props: Props, context: any): CourseSearchView', gave the following error.
    Type '() => AnyAction' is not assignable to type '() => Promise<any>'.
  Overload 2 of 2, '(props: Props, context: any): CourseSearchView', gave the following error.
    Type '() => AnyAction' is not assignable to type '() => Promise<any>'.
source/views/sis/index.ts(8,29): error TS2307: Cannot find module './student-work/detail' or its corresponding type declarations.
source/views/sis/index.ts(18,1): error TS2571: Object is of type 'unknown'.
source/views/sis/student-work/index.tsx(70,40): error TS2304: Cannot find name 'mixed'.
source/views/stoprint/components/error.tsx(38,31): error TS2769: No overload matches this call.
  Overload 1 of 2, '(props: IconProps | Readonly<IconProps>): Icon', gave the following error.
    Type 'string | undefined' is not assignable to type 'string'.
      Type 'undefined' is not assignable to type 'string'.
  Overload 2 of 2, '(props: IconProps, context: any): Icon', gave the following error.
    Type 'string | undefined' is not assignable to type 'string'.
      Type 'undefined' is not assignable to type 'string'.
source/views/stoprint/print-jobs.tsx(223,36): error TS2345: Argument of type 'ThunkAction<LogInActions>' is not assignable to parameter of type 'AnyAction'.
source/views/stoprint/print-jobs.tsx(227,18): error TS2345: Argument of type 'ThunkAction<UpdatePrintJobsAction>' is not assignable to parameter of type 'AnyAction'.
  Property 'type' is missing in type 'ThunkAction<UpdatePrintJobsAction>' but required in type 'AnyAction'.
source/views/stoprint/print-jobs.tsx(232,3): error TS2769: No overload matches this call.
  Overload 2 of 2, '(props: Props, context: any): PrintJobsView', gave the following error.
    Type 'string | null' is not assignable to type 'string | undefined'.
  Overload 2 of 2, '(props: Props, context: any): PrintJobsView', gave the following error.
    Type '(username: any, password: any) => AnyAction' is not assignable to type '(username: string, password: string) => Promise<any>'.
  Overload 2 of 2, '(props: Props, context: any): PrintJobsView', gave the following error.
    Type '() => AnyAction' is not assignable to type '() => Promise<any>'.
source/views/stoprint/print-release.tsx(87,2): error TS2416: Property 'state' in type 'PrintJobReleaseView' is not assignable to the same property in base type 'PureComponent<Props, State, any>'.
  Type '{ heldJob: null; status: string; }' is not assignable to type 'Readonly<State>'.
    Types of property 'heldJob' are incompatible.
      Type 'null' is not assignable to type 'HeldJob | undefined'.
source/views/stoprint/print-release.tsx(164,20): error TS2339: Property 'id' does not exist on type 'never'.
source/views/stoprint/print-release.tsx(192,12): error TS2339: Property 'id' does not exist on type 'never'.
source/views/stoprint/printers.tsx(189,24): error TS2345: Argument of type 'ThunkAction<UpdateAllPrintersAction>' is not assignable to parameter of type 'AnyAction'.
  Property 'type' is missing in type 'ThunkAction<UpdateAllPrintersAction>' but required in type 'AnyAction'.
source/views/stoprint/printers.tsx(197,4): error TS2769: No overload matches this call.
  Overload 1 of 2, '(props: Props | Readonly<Props>): PrinterListView', gave the following error.
    Type 'string | null' is not assignable to type 'string | undefined'.
  Overload 2 of 2, '(props: Props, context: any): PrinterListView', gave the following error.
    Type 'string | null' is not assignable to type 'string | undefined'.
source/views/streaming/index.ts(19,1): error TS2571: Object is of type 'unknown'.
source/views/streaming/radio/schedule.tsx(18,4): error TS2769: No overload matches this call.
  Overload 1 of 2, '(props: Props | Readonly<Props>): CccCalendarView', gave the following error.
    Type '{ calendar: string; eventMapper: (event: EventType) => { config: { subtitle: "description"; startTime: boolean; endTime: boolean; }; title: string; description: string; location: string; startTime: Moment; endTime: Moment; isOngoing: boolean; links: string[]; }; navigation: NavigationScreenProp<...>; poweredBy: { .....' is not assignable to type 'IntrinsicAttributes & IntrinsicClassAttributes<CccCalendarView> & Readonly<Props> & Readonly<...>'.
      Property 'navigation' does not exist on type 'IntrinsicAttributes & IntrinsicClassAttributes<CccCalendarView> & Readonly<Props> & Readonly<...>'.
  Overload 2 of 2, '(props: Props, context: any): CccCalendarView', gave the following error.
    Type '{ calendar: string; eventMapper: (event: EventType) => { config: { subtitle: "description"; startTime: boolean; endTime: boolean; }; title: string; description: string; location: string; startTime: Moment; endTime: Moment; isOngoing: boolean; links: string[]; }; navigation: NavigationScreenProp<...>; poweredBy: { .....' is not assignable to type 'IntrinsicAttributes & IntrinsicClassAttributes<CccCalendarView> & Readonly<Props> & Readonly<...>'.
      Property 'navigation' does not exist on type 'IntrinsicAttributes & IntrinsicClassAttributes<CccCalendarView> & Readonly<Props> & Readonly<...>'.
source/views/streaming/radio/schedule.tsx(42,4): error TS2769: No overload matches this call.
  Overload 1 of 2, '(props: Props | Readonly<Props>): CccCalendarView', gave the following error.
    Type '{ calendar: string; eventMapper: (event: EventType) => { config: { subtitle: "description"; startTime: boolean; endTime: boolean; }; title: string; description: string; location: string; startTime: Moment; endTime: Moment; isOngoing: boolean; links: string[]; }; navigation: NavigationScreenProp<...>; poweredBy: { .....' is not assignable to type 'IntrinsicAttributes & IntrinsicClassAttributes<CccCalendarView> & Readonly<Props> & Readonly<...>'.
      Property 'navigation' does not exist on type 'IntrinsicAttributes & IntrinsicClassAttributes<CccCalendarView> & Readonly<Props> & Readonly<...>'.
  Overload 2 of 2, '(props: Props, context: any): CccCalendarView', gave the following error.
    Type '{ calendar: string; eventMapper: (event: EventType) => { config: { subtitle: "description"; startTime: boolean; endTime: boolean; }; title: string; description: string; location: string; startTime: Moment; endTime: Moment; isOngoing: boolean; links: string[]; }; navigation: NavigationScreenProp<...>; poweredBy: { .....' is not assignable to type 'IntrinsicAttributes & IntrinsicClassAttributes<CccCalendarView> & Readonly<Props> & Readonly<...>'.
      Property 'navigation' does not exist on type 'IntrinsicAttributes & IntrinsicClassAttributes<CccCalendarView> & Readonly<Props> & Readonly<...>'.
source/views/streaming/radio/station-ksto.tsx(9,14): error TS2305: Module '"./types"' has no exported member 'PlayerTheme'.
source/views/streaming/streams/list.tsx(42,2): error TS2416: Property 'state' in type 'StreamListView' is not assignable to the same property in base type 'PureComponent<unknown, State, any>'.
  Type '{ error: null; loading: boolean; refreshing: boolean; streams: never[]; }' is not assignable to type 'Readonly<State>'.
    Types of property 'error' are incompatible.
      Type 'null' is not assignable to type 'string | undefined'.
source/views/streaming/webcams/list.tsx(56,23): error TS2339: Property 'name' does not exist on type 'never'.
source/views/student-orgs/detail-android.tsx(106,22): error TS7006: Parameter 'c' implicitly has an 'any' type.
source/views/student-orgs/detail-android.tsx(106,25): error TS7006: Parameter 'i' implicitly has an 'any' type.
source/views/student-orgs/detail-android.tsx(125,22): error TS7006: Parameter 'c' implicitly has an 'any' type.
source/views/student-orgs/detail-android.tsx(125,25): error TS7006: Parameter 'i' implicitly has an 'any' type.
source/views/student-orgs/detail-ios.tsx(94,23): error TS7006: Parameter 'c' implicitly has an 'any' type.
source/views/student-orgs/detail-ios.tsx(94,26): error TS7006: Parameter 'i' implicitly has an 'any' type.
source/views/student-orgs/detail-ios.tsx(109,23): error TS7006: Parameter 'c' implicitly has an 'any' type.
source/views/student-orgs/detail-ios.tsx(109,26): error TS7006: Parameter 'i' implicitly has an 'any' type.
source/views/student-orgs/list.tsx(27,10): error TS2503: Cannot find namespace 'window'.
source/views/student-orgs/list.tsx(64,12): error TS2345: Argument of type '(args: {    signal: window.AbortController;}) => Promise<Array<StudentOrgType>>' is not assignable to parameter of type 'PromiseFn<StudentOrgType[]>'.
  Types of parameters 'args' and 'props' are incompatible.
    Property 'signal' is missing in type 'AsyncProps<StudentOrgType[]>' but required in type '{ signal: window.AbortController; }'.
source/views/transportation/index.tsx(12,13): error TS7031: Binding element 'navigation' implicitly has an 'any' type.
source/views/transportation/index.tsx(22,13): error TS7031: Binding element 'navigation' implicitly has an 'any' type.
source/views/transportation/index.tsx(32,13): error TS7031: Binding element 'navigation' implicitly has an 'any' type.
source/views/transportation/index.tsx(42,13): error TS7031: Binding element 'navigation' implicitly has an 'any' type.
source/views/transportation/index.tsx(56,1): error TS2571: Object is of type 'unknown'.
source/views/types.ts(5,8): error TS2307: Cannot find module 'react-navigation' or its corresponding type declarations.
